<?xml version="1.0" encoding="UTF-8"?>
<!-- Generated by org.testng.reporters.JUnitXMLReporter -->
<testsuite ignored="0" hostname="DESKTOP-SISF0E9" failures="1" tests="37" name="Login" time="617.82" errors="0" timestamp="2025-06-11T16:43:56 IST">
  <testcase classname="testcases.Login" name="loginpage" time="2.607"/>
  <testcase classname="testcases.Signup" name="signuppage" time="25.698"/>
  <testcase classname="testcases.Leads" name="login" time="5.196"/>
  <testcase classname="testcases.Leads" name="smartview" time="4.968"/>
  <testcase classname="testcases.Leads" name="searchbar" time="2.944"/>
  <testcase classname="testcases.Leads" name="columnselector" time="9.556"/>
  <testcase classname="testcases.Leads" name="refreshbutton" time="0.634"/>
  <testcase classname="testcases.Leads" name="addlead" time="6.714"/>
  <testcase classname="testcases.Leads" name="sorting" time="53.55"/>
  <testcase classname="testcases.Leads" name="draganddrop" time="1.925"/>
  <testcase classname="testcases.Leads" name="bulkactions" time="13.488">
    <failure type="org.openqa.selenium.TimeoutException" message="Expected condition failed: waiting for visibility of element located by By.xpath: //div[@class=&amp;apos;btn-close&amp;apos;] (tried for 10 second(s) with 500 milliseconds interval)
Build info: version: &amp;apos;4.27.0&amp;apos;, revision: &amp;apos;d6e718d134&amp;apos;
System info: os.name: &amp;apos;Windows 10&amp;apos;, os.arch: &amp;apos;amd64&amp;apos;, os.version: &amp;apos;10.0&amp;apos;, java.version: &amp;apos;17.0.12&amp;apos;
Driver info: org.openqa.selenium.chrome.ChromeDriver
Capabilities {acceptInsecureCerts: false, browserName: chrome, browserVersion: 137.0.7151.69, chrome: {chromedriverVersion: 137.0.7151.70 (dfa4dc56b2ab..., userDataDir: C:\Users\Admin\AppData\Loca...}, fedcm:accounts: true, goog:chromeOptions: {debuggerAddress: localhost:60479}, networkConnectionEnabled: false, pageLoadStrategy: normal, platformName: windows, proxy: Proxy(), se:cdp: ws://localhost:60479/devtoo..., se:cdpVersion: 137.0.7151.69, setWindowRect: true, strictFileInteractability: false, timeouts: {implicit: 0, pageLoad: 300000, script: 30000}, unhandledPromptBehavior: dismiss and notify, webauthn:extension:credBlob: true, webauthn:extension:largeBlob: true, webauthn:extension:minPinLength: true, webauthn:extension:prf: true, webauthn:virtualAuthenticators: true}
Session ID: 0bd6b00f858d7c384e04f5ef51373b8a">
      <![CDATA[org.openqa.selenium.TimeoutException: Expected condition failed: waiting for visibility of element located by By.xpath: //div[@class='btn-close'] (tried for 10 second(s) with 500 milliseconds interval)
Build info: version: '4.27.0', revision: 'd6e718d134'
System info: os.name: 'Windows 10', os.arch: 'amd64', os.version: '10.0', java.version: '17.0.12'
Driver info: org.openqa.selenium.chrome.ChromeDriver
Capabilities {acceptInsecureCerts: false, browserName: chrome, browserVersion: 137.0.7151.69, chrome: {chromedriverVersion: 137.0.7151.70 (dfa4dc56b2ab..., userDataDir: C:\Users\Admin\AppData\Loca...}, fedcm:accounts: true, goog:chromeOptions: {debuggerAddress: localhost:60479}, networkConnectionEnabled: false, pageLoadStrategy: normal, platformName: windows, proxy: Proxy(), se:cdp: ws://localhost:60479/devtoo..., se:cdpVersion: 137.0.7151.69, setWindowRect: true, strictFileInteractability: false, timeouts: {implicit: 0, pageLoad: 300000, script: 30000}, unhandledPromptBehavior: dismiss and notify, webauthn:extension:credBlob: true, webauthn:extension:largeBlob: true, webauthn:extension:minPinLength: true, webauthn:extension:prf: true, webauthn:virtualAuthenticators: true}
Session ID: 0bd6b00f858d7c384e04f5ef51373b8a
at org.openqa.selenium.support.ui.WebDriverWait.timeoutException(WebDriverWait.java:84)
at org.openqa.selenium.support.ui.FluentWait.until(FluentWait.java:228)
at testcases.Leads.bulkactions(Leads.java:756)
at java.base/jdk.internal.reflect.NativeMethodAccessorImpl.invoke0(Native Method)
at java.base/jdk.internal.reflect.NativeMethodAccessorImpl.invoke(NativeMethodAccessorImpl.java:77)
at java.base/jdk.internal.reflect.DelegatingMethodAccessorImpl.invoke(DelegatingMethodAccessorImpl.java:43)
at java.base/java.lang.reflect.Method.invoke(Method.java:568)
at org.testng.internal.invokers.MethodInvocationHelper.invokeMethod(MethodInvocationHelper.java:141)
at org.testng.internal.invokers.TestInvoker.invokeMethod(TestInvoker.java:686)
at org.testng.internal.invokers.TestInvoker.invokeTestMethod(TestInvoker.java:230)
at org.testng.internal.invokers.MethodRunner.runInSequence(MethodRunner.java:63)
at org.testng.internal.invokers.TestInvoker$MethodInvocationAgent.invoke(TestInvoker.java:992)
at org.testng.internal.invokers.TestInvoker.invokeTestMethods(TestInvoker.java:203)
at org.testng.internal.invokers.TestMethodWorker.invokeTestMethods(TestMethodWorker.java:154)
at org.testng.internal.invokers.TestMethodWorker.run(TestMethodWorker.java:134)
at java.base/java.util.ArrayList.forEach(ArrayList.java:1511)
at org.testng.TestRunner.privateRun(TestRunner.java:739)
at org.testng.TestRunner.run(TestRunner.java:614)
at org.testng.SuiteRunner.runTest(SuiteRunner.java:421)
at org.testng.SuiteRunner.runSequentially(SuiteRunner.java:413)
at org.testng.SuiteRunner.privateRun(SuiteRunner.java:373)
at org.testng.SuiteRunner.run(SuiteRunner.java:312)
at org.testng.SuiteRunnerWorker.runSuite(SuiteRunnerWorker.java:52)
at org.testng.SuiteRunnerWorker.run(SuiteRunnerWorker.java:95)
at org.testng.TestNG.runSuitesSequentially(TestNG.java:1274)
at org.testng.TestNG.runSuitesLocally(TestNG.java:1208)
at org.testng.TestNG.runSuites(TestNG.java:1112)
at org.testng.TestNG.run(TestNG.java:1079)
at org.testng.remote.AbstractRemoteTestNG.run(AbstractRemoteTestNG.java:115)
at org.testng.remote.RemoteTestNG.initAndRun(RemoteTestNG.java:293)
at org.testng.remote.RemoteTestNG.main(RemoteTestNG.java:91)
]]>
    </failure>
  </testcase> <!-- bulkactions -->
  <testcase classname="testcases.Deals" name="login" time="4.516"/>
  <testcase classname="testcases.Deals" name="smartview" time="5.764"/>
  <testcase classname="testcases.Deals" name="searchbar" time="3.514"/>
  <testcase classname="testcases.Deals" name="columnselector" time="9.002"/>
  <testcase classname="testcases.Deals" name="adddeal" time="7.162"/>
  <testcase classname="testcases.Deals" name="sorting" time="75.713"/>
  <testcase classname="testcases.Deals" name="draganddrop" time="2.283"/>
  <testcase classname="testcases.Deals" name="bulkactions" time="57.2"/>
  <testcase classname="testcases.Contact" name="login" time="4.543"/>
  <testcase classname="testcases.Contact" name="smartview" time="4.357"/>
  <testcase classname="testcases.Contact" name="searchbar" time="3.827"/>
  <testcase classname="testcases.Contact" name="columnselector" time="9.235"/>
  <testcase classname="testcases.Contact" name="refreshbutton" time="0.551"/>
  <testcase classname="testcases.Contact" name="addcontact" time="6.259"/>
  <testcase classname="testcases.Contact" name="sorting" time="35.1"/>
  <testcase classname="testcases.Contact" name="draganddrop" time="1.837"/>
  <testcase classname="testcases.Contact" name="bulkactions" time="72.537"/>
  <testcase classname="testcases.Company" name="login" time="4.961"/>
  <testcase classname="testcases.Company" name="smartview" time="4.328"/>
  <testcase classname="testcases.Company" name="searchbar" time="23.757"/>
  <testcase classname="testcases.Company" name="columnselector" time="8.874"/>
  <testcase classname="testcases.Company" name="refreshbutton" time="1.714"/>
  <testcase classname="testcases.Company" name="addcompany" time="5.72"/>
  <testcase classname="testcases.Company" name="sorting" time="22.151"/>
  <testcase classname="testcases.Company" name="draganddrop" time="1.526"/>
  <testcase classname="testcases.Company" name="bulkactions" time="72.771"/>
</testsuite> <!-- Login -->
